We will use 90% of the memory on device 0 for storing the model, and 10% for the buffer to avoid OOM. You can set `max_memory` in to a higher value to use more memory (at your own risk).
Some parameters are on the meta device device because they were offloaded to the cpu.

Results for row 1:
Response: 0
Extracted Label: 0
Ground Truth: 0

Results for row 2:
Response: 0
Extracted Label: 0
Ground Truth: 0

Results for row 3:
Response: 0
Extracted Label: 0
Ground Truth: 0

Results for row 4:
Response: 0
Extracted Label: 0
Ground Truth: 0

Results for row 5:
Response: 0
Extracted Label: 0
Ground Truth: 0

Results for row 6:
Response: 0
Extracted Label: 0
Ground Truth: 0

Results for row 7:
Response: 0
Extracted Label: 0
Ground Truth: 0

Results for row 8:
Response: 0
Extracted Label: 0
Ground Truth: 0

Results for row 9:
Response: 0
Extracted Label: 0
Ground Truth: 0

Results for row 10:
Response: 0
Extracted Label: 0
Ground Truth: 0

Results for row 11:
Response: 0
Extracted Label: 0
Ground Truth: 0

Results for row 12:
Response: 0
Extracted Label: 0
Ground Truth: 0

Results for row 13:
Response: 0
Extracted Label: 0
Ground Truth: 0

Results for row 14:
Response: 0
Extracted Label: 0
Ground Truth: 0

Results for row 15:
Response: 0
Extracted Label: 0
Ground Truth: 0

Results for row 16:
Response: 0
Extracted Label: 0
Ground Truth: 0

Results for row 17:
Response: 0
Extracted Label: 0
Ground Truth: 0

Results for row 18:
Response: 0
Extracted Label: 0
Ground Truth: 0

Results for row 19:
Response: 0
Extracted Label: 0
Ground Truth: 0

Results for row 20:
Response: 0
Extracted Label: 0
Ground Truth: 0

Results for row 21:
Response: 0
Extracted Label: 0
Ground Truth: 0

Results for row 22:
Response: 0
Extracted Label: 0
Ground Truth: 0

Results for row 23:
Response: 0
Extracted Label: 0
Ground Truth: 0

Results for row 24:
Response: 0
Extracted Label: 0
Ground Truth: 0

Results for row 25:
Response: 0
Extracted Label: 0
Ground Truth: 0

Results for row 26:
Response: 0
Extracted Label: 0
Ground Truth: 0

Results for row 27:
Response: 0
Extracted Label: 0
Ground Truth: 0

Results for row 28:
Response: 0
Extracted Label: 0
Ground Truth: 0

Results for row 29:
Response: 0
Extracted Label: 0
Ground Truth: 0

Results for row 30:
Response: 0
Extracted Label: 0
Ground Truth: 0

Results for row 31:
Response: 0
Extracted Label: 0
Ground Truth: 0

Results for row 32:
Response: 0
Extracted Label: 0
Ground Truth: 0

Results for row 33:
Response: 0
Extracted Label: 0
Ground Truth: 0

Results for row 34:
Response: 0
Extracted Label: 0
Ground Truth: 0

Results for row 35:
Response: 0
Extracted Label: 0
Ground Truth: 0

Results for row 36:
Response: 0
Extracted Label: 0
Ground Truth: 0

Results for row 37:
Response: 0
Extracted Label: 0
Ground Truth: 0

Results for row 38:
Response: 0
Extracted Label: 0
Ground Truth: 0

Results for row 39:
Response: 0
Extracted Label: 0
Ground Truth: 0

Results for row 40:
Response: 0
Extracted Label: 0
Ground Truth: 0

Results for row 41:
Response: 0
Extracted Label: 0
Ground Truth: 0

Results for row 42:
Response: 0
Extracted Label: 0
Ground Truth: 0

Results for row 43:
Response: 0
Extracted Label: 0
Ground Truth: 0

Results for row 44:
Response: 0
Extracted Label: 0
Ground Truth: 0

Results for row 45:
Response: 0
Extracted Label: 0
Ground Truth: 0

Results for row 46:
Response: 0
Extracted Label: 0
Ground Truth: 0

Results for row 47:
Response: 0
Extracted Label: 0
Ground Truth: 0

Results for row 48:
Response: 0
Extracted Label: 0
Ground Truth: 0

Results for row 49:
Response: 0
Extracted Label: 0
Ground Truth: 0

Results for row 50:
Response: 0
Extracted Label: 0
Ground Truth: 0

Results for row 51:
Response: 0
Extracted Label: 0
Ground Truth: 0

Results for row 52:
Response: 0
Extracted Label: 0
Ground Truth: 0

Results for row 53:
Response: 0
Extracted Label: 0
Ground Truth: 0

Results for row 54:
Response: 0
Extracted Label: 0
Ground Truth: 0

Results for row 55:
Response: 0
Extracted Label: 0
Ground Truth: 0

Results for row 56:
Response: 0
Extracted Label: 0
Ground Truth: 0

Results for row 57:
Response: 0
Extracted Label: 0
Ground Truth: 0

Results for row 58:
Response: 0
Extracted Label: 0
Ground Truth: 0

Results for row 59:
Response: 0
Extracted Label: 0
Ground Truth: 0

Results for row 60:
Response: 0
Extracted Label: 0
Ground Truth: 0

Results for row 61:
Response: 0
Extracted Label: 0
Ground Truth: 0

Results for row 62:
Response: 0
Extracted Label: 0
Ground Truth: 0

Results for row 63:
Response: 0
Extracted Label: 0
Ground Truth: 0

Results for row 64:
Response: 0
Extracted Label: 0
Ground Truth: 0

Results for row 65:
Response: 0
Extracted Label: 0
Ground Truth: 0

Results for row 66:
Response: 0
Extracted Label: 0
Ground Truth: 0

Results for row 67:
Response: 0
Extracted Label: 0
Ground Truth: 0

Results for row 68:
Response: 0
Extracted Label: 0
Ground Truth: 0

Results for row 69:
Response: 0
Extracted Label: 0
Ground Truth: 0

Results for row 70:
Response: 0
Extracted Label: 0
Ground Truth: 0

Results for row 71:
Response: 0
Extracted Label: 0
Ground Truth: 0

Results for row 72:
Response: 0
Extracted Label: 0
Ground Truth: 0

Results for row 73:
Response: 0
Extracted Label: 0
Ground Truth: 0

Results for row 74:
Response: 0
Extracted Label: 0
Ground Truth: 0

Results for row 75:
Response: 0
Extracted Label: 0
Ground Truth: 0

Results for row 76:
Response: 0
Extracted Label: 0
Ground Truth: 0

Results for row 77:
Response: 0
Extracted Label: 0
Ground Truth: 0

Results for row 78:
Response: 0
Extracted Label: 0
Ground Truth: 0

Results for row 79:
Response: 0
Extracted Label: 0
Ground Truth: 0

Results for row 80:
Response: 0
Extracted Label: 0
Ground Truth: 0

Results for row 81:
Response: 0
Extracted Label: 0
Ground Truth: 0

Results for row 82:
Response: 0
Extracted Label: 0
Ground Truth: 0

Results for row 83:
Response: 0
Extracted Label: 0
Ground Truth: 0

Results for row 84:
Response: 0
Extracted Label: 0
Ground Truth: 0

Results for row 85:
Response: 0
Extracted Label: 0
Ground Truth: 0

Results for row 86:
Response: 0
Extracted Label: 0
Ground Truth: 0

Results for row 87:
Response: 0
Extracted Label: 0
Ground Truth: 0

Results for row 88:
Response: 0
Extracted Label: 0
Ground Truth: 0

Results for row 89:
Response: 0
Extracted Label: 0
Ground Truth: 0

Results for row 90:
Response: 0
Extracted Label: 0
Ground Truth: 0

Results for row 91:
Response: 0
Extracted Label: 0
Ground Truth: 0

Results for row 92:
Response: 0
Extracted Label: 0
Ground Truth: 0

Results for row 93:
Response: 0
Extracted Label: 0
Ground Truth: 0

Results for row 94:
Response: 0
Extracted Label: 0
Ground Truth: 0

Results for row 95:
Response: 0
Extracted Label: 0
Ground Truth: 0

Results for row 96:
Response: 0
Extracted Label: 0
Ground Truth: 0

Results for row 97:
Response: 0
Extracted Label: 0
Ground Truth: 0

Results for row 98:
Response: 0
Extracted Label: 0
Ground Truth: 0

Results for row 99:
Response: 0
Extracted Label: 0
Ground Truth: 0

Results for row 100:
Response: 0
Extracted Label: 0
Ground Truth: 0

Results for row 101:
Response: 0
Extracted Label: 0
Ground Truth: 0

Results for row 102:
Response: 0
Extracted Label: 0
Ground Truth: 0

Results for row 103:
Response: 0
Extracted Label: 0
Ground Truth: 0

Results for row 104:
Response: 0
Extracted Label: 0
Ground Truth: 0

Results for row 105:
Response: 0
Extracted Label: 0
Ground Truth: 0

Results for row 106:
Response: 0
Extracted Label: 0
Ground Truth: 0

Results for row 107:
Response: 0
Extracted Label: 0
Ground Truth: 0

Results for row 108:
Response: 0
Extracted Label: 0
Ground Truth: 0

Results for row 109:
Response: 0
Extracted Label: 0
Ground Truth: 0

Results for row 110:
Response: 0
Extracted Label: 0
Ground Truth: 0

Results for row 111:
Response: 0
Extracted Label: 0
Ground Truth: 0

Results for row 112:
Response: 0
Extracted Label: 0
Ground Truth: 0

Results for row 113:
Response: 0
Extracted Label: 0
Ground Truth: 0

Results for row 114:
Response: 0
Extracted Label: 0
Ground Truth: 0

Results for row 115:
Response: 0
Extracted Label: 0
Ground Truth: 0

Results for row 116:
Response: 0
Extracted Label: 0
Ground Truth: 0

Results for row 117:
Response: 0
Extracted Label: 0
Ground Truth: 0

Results for row 118:
Response: 0
Extracted Label: 0
Ground Truth: 0

Results for row 119:
Response: 0
Extracted Label: 0
Ground Truth: 0

Results for row 120:
Response: 0
Extracted Label: 0
Ground Truth: 0

Results for row 121:
Response: 0
Extracted Label: 0
Ground Truth: 0

Results for row 122:
Response: 0
Extracted Label: 0
Ground Truth: 0

Results for row 123:
Response: 0
Extracted Label: 0
Ground Truth: 0

Results for row 124:
Response: 1
Extracted Label: 1
Ground Truth: 0

Results for row 125:
Response: 0
Extracted Label: 0
Ground Truth: 0

Results for row 126:
Response: 0
Extracted Label: 0
Ground Truth: 0

Results for row 127:
Response: 0
Extracted Label: 0
Ground Truth: 0

Results for row 128:
Response: 0
Extracted Label: 0
Ground Truth: 0

Results for row 129:
Response: 0
Extracted Label: 0
Ground Truth: 0

Results for row 130:
Response: 0
Extracted Label: 0
Ground Truth: 0

Results for row 131:
Response: 0
Extracted Label: 0
Ground Truth: 0

Results for row 132:
Response: 0
Extracted Label: 0
Ground Truth: 0

Results for row 133:
Response: 0
Extracted Label: 0
Ground Truth: 0

Results for row 134:
Response: 0
Extracted Label: 0
Ground Truth: 0

Results for row 135:
Response: 0
Extracted Label: 0
Ground Truth: 0

Results for row 136:
Response: 0
Extracted Label: 0
Ground Truth: 0

Results for row 137:
Response: 0
Extracted Label: 0
Ground Truth: 0

Results for row 138:
Response: 0
Extracted Label: 0
Ground Truth: 0

Results for row 139:
Response: 0
Extracted Label: 0
Ground Truth: 0

Results for row 140:
Response: 0
Extracted Label: 0
Ground Truth: 0

Results for row 141:
Response: 0
Extracted Label: 0
Ground Truth: 0

Results for row 142:
Response: 0
Extracted Label: 0
Ground Truth: 0

Results for row 143:
Response: 0
Extracted Label: 0
Ground Truth: 0

Results for row 144:
Response: 0
Extracted Label: 0
Ground Truth: 0

Results for row 145:
Response: 0
Extracted Label: 0
Ground Truth: 0

Results for row 146:
Response: 0
Extracted Label: 0
Ground Truth: 0

Results for row 147:
Response: 0
Extracted Label: 0
Ground Truth: 0

Results for row 148:
Response: 0
Extracted Label: 0
Ground Truth: 0

Results for row 149:
Response: 0
Extracted Label: 0
Ground Truth: 0

Results for row 150:
Response: 0
Extracted Label: 0
Ground Truth: 0

Results for row 151:
Response: 0
Extracted Label: 0
Ground Truth: 0

Results for row 152:
Response: 0
Extracted Label: 0
Ground Truth: 0

Results for row 153:
Response: 0
Extracted Label: 0
Ground Truth: 0

Results for row 154:
Response: 0
Extracted Label: 0
Ground Truth: 0

Results for row 155:
Response: 0
Extracted Label: 0
Ground Truth: 0

Results for row 156:
Response: 0
Extracted Label: 0
Ground Truth: 0

Results for row 157:
Response: 0
Extracted Label: 0
Ground Truth: 0

Results for row 158:
Response: 0
Extracted Label: 0
Ground Truth: 0

Results for row 159:
Response: 0
Extracted Label: 0
Ground Truth: 0

Results for row 160:
Response: 0
Extracted Label: 0
Ground Truth: 0

Results for row 161:
Response: 0
Extracted Label: 0
Ground Truth: 0

Results for row 162:
Response: 0
Extracted Label: 0
Ground Truth: 0

Results for row 163:
Response: 0
Extracted Label: 0
Ground Truth: 0

Results for row 164:
Response: 0
Extracted Label: 0
Ground Truth: 0

Results for row 165:
Response: 0
Extracted Label: 0
Ground Truth: 0

Results for row 166:
Response: 0
Extracted Label: 0
Ground Truth: 0

Results for row 167:
Response: 0
Extracted Label: 0
Ground Truth: 0

Results for row 168:
Response: 0
Extracted Label: 0
Ground Truth: 0

Results for row 169:
Response: 0
Extracted Label: 0
Ground Truth: 0

Results for row 170:
Response: 0
Extracted Label: 0
Ground Truth: 0

Results for row 171:
Response: 0
Extracted Label: 0
Ground Truth: 0

Results for row 172:
Response: 0
Extracted Label: 0
Ground Truth: 0

Results for row 173:
Response: 0
Extracted Label: 0
Ground Truth: 0

Results for row 174:
Response: 0
Extracted Label: 0
Ground Truth: 0

Results for row 175:
Response: 0
Extracted Label: 0
Ground Truth: 0

Results for row 176:
Response: 0
Extracted Label: 0
Ground Truth: 0

Results for row 177:
Response: 0
Extracted Label: 0
Ground Truth: 0

Results for row 178:
Response: 0
Extracted Label: 0
Ground Truth: 0

Results for row 179:
Response: 0
Extracted Label: 0
Ground Truth: 0

Results for row 180:
Response: 0
Extracted Label: 0
Ground Truth: 0

Results for row 181:
Response: 0
Extracted Label: 0
Ground Truth: 0

Results for row 182:
Response: 0
Extracted Label: 0
Ground Truth: 0

Results for row 183:
Response: 0
Extracted Label: 0
Ground Truth: 0

Results for row 184:
Response: 0
Extracted Label: 0
Ground Truth: 0

Results for row 185:
Response: 0
Extracted Label: 0
Ground Truth: 0

Results for row 186:
Response: 0
Extracted Label: 0
Ground Truth: 0

Results for row 187:
Response: 0
Extracted Label: 0
Ground Truth: 0

Results for row 188:
Response: 0
Extracted Label: 0
Ground Truth: 0

Results for row 189:
Response: 0
Extracted Label: 0
Ground Truth: 0

Results for row 190:
Response: 0
Extracted Label: 0
Ground Truth: 0

Results for row 191:
Response: 0
Extracted Label: 0
Ground Truth: 0

Results for row 192:
Response: 0
Extracted Label: 0
Ground Truth: 0

Results for row 193:
Response: 0
Extracted Label: 0
Ground Truth: 0

Results for row 194:
Response: 0
Extracted Label: 0
Ground Truth: 0

Results for row 195:
Response: 0
Extracted Label: 0
Ground Truth: 0

Results for row 196:
Response: 0
Extracted Label: 0
Ground Truth: 0

Results for row 197:
Response: 0
Extracted Label: 0
Ground Truth: 0

Results for row 198:
Response: 0
Extracted Label: 0
Ground Truth: 0

Results for row 199:
Response: 0
Extracted Label: 0
Ground Truth: 0

Results for row 200:
Response: 0
Extracted Label: 0
Ground Truth: 0

Results for row 201:
Response: 0
Extracted Label: 0
Ground Truth: 0

Results for row 202:
Response: 0
Extracted Label: 0
Ground Truth: 0

Results for row 203:
Response: 0
Extracted Label: 0
Ground Truth: 0

Results for row 204:
Response: 0
Extracted Label: 0
Ground Truth: 0

Results for row 205:
Response: 0
Extracted Label: 0
Ground Truth: 0

Results for row 206:
Response: 0
Extracted Label: 0
Ground Truth: 0

Results for row 207:
Response: 0
Extracted Label: 0
Ground Truth: 0

Results for row 208:
Response: 0
Extracted Label: 0
Ground Truth: 0

Results for row 209:
Response: 0
Extracted Label: 0
Ground Truth: 0

Results for row 210:
Response: 0
Extracted Label: 0
Ground Truth: 0

Results for row 211:
Response: 0
Extracted Label: 0
Ground Truth: 0

Results for row 212:
Response: 0
Extracted Label: 0
Ground Truth: 0

Results for row 213:
Response: 0
Extracted Label: 0
Ground Truth: 0

Results for row 214:
Response: 0
Extracted Label: 0
Ground Truth: 0

Results for row 215:
Response: 0
Extracted Label: 0
Ground Truth: 0

Results for row 216:
Response: 0
Extracted Label: 0
Ground Truth: 0

Results for row 217:
Response: 0
Extracted Label: 0
Ground Truth: 0

Results for row 218:
Response: 0
Extracted Label: 0
Ground Truth: 0

Results for row 219:
Response: 0
Extracted Label: 0
Ground Truth: 0

Results for row 220:
Response: 0
Extracted Label: 0
Ground Truth: 0

Results for row 221:
Response: 0
Extracted Label: 0
Ground Truth: 0

Results for row 222:
Response: 0
Extracted Label: 0
Ground Truth: 0

Results for row 223:
Response: 0
Extracted Label: 0
Ground Truth: 0

Results for row 224:
Response: 0
Extracted Label: 0
Ground Truth: 0

Results for row 225:
Response: 0
Extracted Label: 0
Ground Truth: 0

Results for row 226:
Response: 0
Extracted Label: 0
Ground Truth: 0

Results for row 227:
Response: 0
Extracted Label: 0
Ground Truth: 0

Results for row 228:
Response: 0
Extracted Label: 0
Ground Truth: 0

Results for row 229:
Response: 0
Extracted Label: 0
Ground Truth: 0

Results for row 230:
Response: 0
Extracted Label: 0
Ground Truth: 0

Results for row 231:
Response: 0
Extracted Label: 0
Ground Truth: 0

Results for row 232:
Response: 0
Extracted Label: 0
Ground Truth: 0

Results for row 233:
Response: 0
Extracted Label: 0
Ground Truth: 0

Results for row 234:
Response: 0
Extracted Label: 0
Ground Truth: 0

Results for row 235:
Response: 0
Extracted Label: 0
Ground Truth: 0

Results for row 236:
Response: 0
Extracted Label: 0
Ground Truth: 0

Results for row 237:
Response: 0
Extracted Label: 0
Ground Truth: 0

Results for row 238:
Response: 0
Extracted Label: 0
Ground Truth: 0

Results for row 239:
Response: 0
Extracted Label: 0
Ground Truth: 0

Results for row 240:
Response: 0
Extracted Label: 0
Ground Truth: 0

Results for row 241:
Response: 0
Extracted Label: 0
Ground Truth: 0

Results for row 242:
Response: 0
Extracted Label: 0
Ground Truth: 0

Results for row 243:
Response: 0
Extracted Label: 0
Ground Truth: 0

Results for row 244:
Response: 0
Extracted Label: 0
Ground Truth: 0

Results for row 245:
Response: 0
Extracted Label: 0
Ground Truth: 0

Results for row 246:
Response: 0
Extracted Label: 0
Ground Truth: 0

Results for row 247:
Response: 0
Extracted Label: 0
Ground Truth: 0

Results for row 248:
Response: 0
Extracted Label: 0
Ground Truth: 0

Results for row 249:
Response: 0
Extracted Label: 0
Ground Truth: 0

Results for row 250:
Response: 0
Extracted Label: 0
Ground Truth: 0

Results for row 251:
Response: 0
Extracted Label: 0
Ground Truth: 0

Results for row 252:
Response: 0
Extracted Label: 0
Ground Truth: 0

Results for row 253:
Response: 0
Extracted Label: 0
Ground Truth: 0

Results for row 254:
Response: 0
Extracted Label: 0
Ground Truth: 0

Results for row 255:
Response: 0
Extracted Label: 0
Ground Truth: 0

Results for row 256:
Response: 0
Extracted Label: 0
Ground Truth: 0

Results for row 257:
Response: 0
Extracted Label: 0
Ground Truth: 0

Results for row 258:
Response: 0
Extracted Label: 0
Ground Truth: 0

Results for row 259:
Response: 0
Extracted Label: 0
Ground Truth: 0

Results for row 260:
Response: 0
Extracted Label: 0
Ground Truth: 0

Results for row 261:
Response: 0
Extracted Label: 0
Ground Truth: 0

Results for row 262:
Response: 0
Extracted Label: 0
Ground Truth: 0

Results for row 263:
Response: 0
Extracted Label: 0
Ground Truth: 0

Results for row 264:
Response: 0
Extracted Label: 0
Ground Truth: 0

Results for row 265:
Response: 0
Extracted Label: 0
Ground Truth: 0

Results for row 266:
Response: 0
Extracted Label: 0
Ground Truth: 0

Results for row 267:
Response: 0
Extracted Label: 0
Ground Truth: 0

Results for row 268:
Response: 0
Extracted Label: 0
Ground Truth: 0

Results for row 269:
Response: 0
Extracted Label: 0
Ground Truth: 0

Results for row 270:
Response: 0
Extracted Label: 0
Ground Truth: 0

Results for row 271:
Response: 0
Extracted Label: 0
Ground Truth: 0

Results for row 272:
Response: 0
Extracted Label: 0
Ground Truth: 0

Results for row 273:
Response: 0
Extracted Label: 0
Ground Truth: 0

Results for row 274:
Response: 0
Extracted Label: 0
Ground Truth: 0

Results for row 275:
Response: 0
Extracted Label: 0
Ground Truth: 0

Results for row 276:
Response: 0
Extracted Label: 0
Ground Truth: 0

Results for row 277:
Response: 0
Extracted Label: 0
Ground Truth: 0

Results for row 278:
Response: 0
Extracted Label: 0
Ground Truth: 0

Results for row 279:
Response: 0
Extracted Label: 0
Ground Truth: 0

Results for row 280:
Response: 0
Extracted Label: 0
Ground Truth: 0

Results for row 281:
Response: 0
Extracted Label: 0
Ground Truth: 0

Results for row 282:
Response: 0
Extracted Label: 0
Ground Truth: 0

Results for row 283:
Response: 0
Extracted Label: 0
Ground Truth: 0

Results for row 284:
Response: 0
Extracted Label: 0
Ground Truth: 0

Results for row 285:
Response: 0
Extracted Label: 0
Ground Truth: 0

Results for row 286:
Response: 0
Extracted Label: 0
Ground Truth: 0

Results for row 287:
Response: 0
Extracted Label: 0
Ground Truth: 0

Results for row 288:
Response: 0
Extracted Label: 0
Ground Truth: 0

Results for row 289:
Response: 0
Extracted Label: 0
Ground Truth: 0

Results for row 290:
Response: 0
Extracted Label: 0
Ground Truth: 0

Results for row 291:
Response: 0
Extracted Label: 0
Ground Truth: 0

Results for row 292:
Response: 0
Extracted Label: 0
Ground Truth: 0

Results for row 293:
Response: 0
Extracted Label: 0
Ground Truth: 0

Results for row 294:
Response: 0
Extracted Label: 0
Ground Truth: 0

Results for row 295:
Response: 0
Extracted Label: 0
Ground Truth: 0

Results for row 296:
Response: 0
Extracted Label: 0
Ground Truth: 0

Results for row 297:
Response: 0
Extracted Label: 0
Ground Truth: 0

Results for row 298:
Response: 0
Extracted Label: 0
Ground Truth: 0

Results for row 299:
Response: 0
Extracted Label: 0
Ground Truth: 0

Results for row 300:
Response: 0
Extracted Label: 0
Ground Truth: 0

Results for row 301:
Response: 0
Extracted Label: 0
Ground Truth: 0

Results for row 302:
Response: 0
Extracted Label: 0
Ground Truth: 0

Results for row 303:
Response: 0
Extracted Label: 0
Ground Truth: 0

Results for row 304:
Response: 0
Extracted Label: 0
Ground Truth: 0

Results for row 305:
Response: 0
Extracted Label: 0
Ground Truth: 0

Results for row 306:
Response: 0
Extracted Label: 0
Ground Truth: 0

Results for row 307:
Response: 0
Extracted Label: 0
Ground Truth: 0

Results for row 308:
Response: 0
Extracted Label: 0
Ground Truth: 0

Results for row 309:
Response: 0
Extracted Label: 0
Ground Truth: 0

Results for row 310:
Response: 0
Extracted Label: 0
Ground Truth: 0

Results for row 311:
Response: 0
Extracted Label: 0
Ground Truth: 0

Results for row 312:
Response: 0
Extracted Label: 0
Ground Truth: 0

Results for row 313:
Response: 0
Extracted Label: 0
Ground Truth: 0

Results for row 314:
Response: 0
Extracted Label: 0
Ground Truth: 0

Results for row 315:
Response: 0
Extracted Label: 0
Ground Truth: 0

Results for row 316:
Response: 0
Extracted Label: 0
Ground Truth: 0

Results for row 317:
Response: 0
Extracted Label: 0
Ground Truth: 0

Results for row 318:
Response: 0
Extracted Label: 0
Ground Truth: 0

Results for row 319:
Response: 0
Extracted Label: 0
Ground Truth: 0

Results for row 320:
Response: 0
Extracted Label: 0
Ground Truth: 0

Results for row 321:
Response: 0
Extracted Label: 0
Ground Truth: 0

Results for row 322:
Response: 0
Extracted Label: 0
Ground Truth: 0

Results for row 323:
Response: 0
Extracted Label: 0
Ground Truth: 0

Results for row 324:
Response: 0
Extracted Label: 0
Ground Truth: 0

Results for row 325:
Response: 0
Extracted Label: 0
Ground Truth: 0

Results for row 326:
Response: 0
Extracted Label: 0
Ground Truth: 0

Results for row 327:
Response: 0
Extracted Label: 0
Ground Truth: 0

Results for row 328:
Response: 0
Extracted Label: 0
Ground Truth: 0

Results for row 329:
Response: 0
Extracted Label: 0
Ground Truth: 0

Results for row 330:
Response: 0
Extracted Label: 0
Ground Truth: 0

Results for row 331:
Response: 0
Extracted Label: 0
Ground Truth: 0

Results for row 332:
Response: 0
Extracted Label: 0
Ground Truth: 0

Results for row 333:
Response: 0
Extracted Label: 0
Ground Truth: 0

Results for row 334:
Response: 0
Extracted Label: 0
Ground Truth: 0

Results for row 335:
Response: 0
Extracted Label: 0
Ground Truth: 0

Results for row 336:
Response: 0
Extracted Label: 0
Ground Truth: 0

Results for row 337:
Response: 0
Extracted Label: 0
Ground Truth: 0

Results for row 338:
Response: 0
Extracted Label: 0
Ground Truth: 0

Results for row 339:
Response: 0
Extracted Label: 0
Ground Truth: 0

Results for row 340:
Response: 0
Extracted Label: 0
Ground Truth: 0

Results for row 341:
Response: 0
Extracted Label: 0
Ground Truth: 0

Results for row 342:
Response: 0
Extracted Label: 0
Ground Truth: 0

Results for row 343:
Response: 0
Extracted Label: 0
Ground Truth: 0

Results for row 344:
Response: 0
Extracted Label: 0
Ground Truth: 0

Results for row 345:
Response: 0
Extracted Label: 0
Ground Truth: 0

Results for row 346:
Response: 0
Extracted Label: 0
Ground Truth: 0

Results for row 347:
Response: 0
Extracted Label: 0
Ground Truth: 0

Results for row 348:
Response: 0
Extracted Label: 0
Ground Truth: 0

Results for row 349:
Response: 0
Extracted Label: 0
Ground Truth: 0

Results for row 350:
Response: 0
Extracted Label: 0
Ground Truth: 0

Results for row 351:
Response: 0
Extracted Label: 0
Ground Truth: 0

Results for row 352:
Response: 0
Extracted Label: 0
Ground Truth: 0

Results for row 353:
Response: 0
Extracted Label: 0
Ground Truth: 0

Results for row 354:
Response: 0
Extracted Label: 0
Ground Truth: 0

Results for row 355:
Response: 0
Extracted Label: 0
Ground Truth: 0

Results for row 356:
Response: 0
Extracted Label: 0
Ground Truth: 0

Results for row 357:
Response: 0
Extracted Label: 0
Ground Truth: 0

Results for row 358:
Response: 0
Extracted Label: 0
Ground Truth: 0

Results for row 359:
Response: 0
Extracted Label: 0
Ground Truth: 0

Results for row 360:
Response: 0
Extracted Label: 0
Ground Truth: 0

Results for row 361:
Response: 0
Extracted Label: 0
Ground Truth: 0

Results for row 362:
Response: 0
Extracted Label: 0
Ground Truth: 0

Results for row 363:
Response: 0
Extracted Label: 0
Ground Truth: 0

Results for row 364:
Response: 0
Extracted Label: 0
Ground Truth: 0

Results for row 365:
Response: 0
Extracted Label: 0
Ground Truth: 0

Results for row 366:
Response: 0
Extracted Label: 0
Ground Truth: 0

Results for row 367:
Response: 0
Extracted Label: 0
Ground Truth: 0

Results for row 368:
Response: 0
Extracted Label: 0
Ground Truth: 0

Results for row 369:
Response: 0
Extracted Label: 0
Ground Truth: 0

Results for row 370:
Response: 0
Extracted Label: 0
Ground Truth: 0

Results for row 371:
Response: 0
Extracted Label: 0
Ground Truth: 0

Results for row 372:
Response: 0
Extracted Label: 0
Ground Truth: 0

Results for row 373:
Response: 0
Extracted Label: 0
Ground Truth: 0

Results for row 374:
Response: 0
Extracted Label: 0
Ground Truth: 0

Results for row 375:
Response: 0
Extracted Label: 0
Ground Truth: 0

Results for row 376:
Response: 0
Extracted Label: 0
Ground Truth: 0

Results for row 377:
Response: 0
Extracted Label: 0
Ground Truth: 0

Results for row 378:
Response: 0
Extracted Label: 0
Ground Truth: 0

Results for row 379:
Response: 0
Extracted Label: 0
Ground Truth: 0

Results for row 380:
Response: 0
Extracted Label: 0
Ground Truth: 0

Results for row 381:
Response: 0
Extracted Label: 0
Ground Truth: 0

Results for row 382:
Response: 0
Extracted Label: 0
Ground Truth: 0

Results for row 383:
Response: 0
Extracted Label: 0
Ground Truth: 0

Results for row 384:
Response: 0
Extracted Label: 0
Ground Truth: 0

Results for row 385:
Response: 0
Extracted Label: 0
Ground Truth: 0

Results for row 386:
Response: 0
Extracted Label: 0
Ground Truth: 0

Results for row 387:
Response: 0
Extracted Label: 0
Ground Truth: 0

Results for row 388:
Response: 0
Extracted Label: 0
Ground Truth: 0

Results for row 389:
Response: 0
Extracted Label: 0
Ground Truth: 0

Results for row 390:
Response: 0
Extracted Label: 0
Ground Truth: 0

Results for row 391:
Response: 0
Extracted Label: 0
Ground Truth: 0

Results for row 392:
Response: 0
Extracted Label: 0
Ground Truth: 0

Results for row 393:
Response: 0
Extracted Label: 0
Ground Truth: 0

Results for row 394:
Response: 0
Extracted Label: 0
Ground Truth: 0

Results for row 395:
Response: 0
Extracted Label: 0
Ground Truth: 0

Results for row 396:
Response: 0
Extracted Label: 0
Ground Truth: 0

Results for row 397:
Response: 0
Extracted Label: 0
Ground Truth: 0

Results for row 398:
Response: 0
Extracted Label: 0
Ground Truth: 0

Results for row 399:
Response: 0
Extracted Label: 0
Ground Truth: 0

Results for row 400:
Response: 0
Extracted Label: 0
Ground Truth: 0

Results for row 401:
Response: 0
Extracted Label: 0
Ground Truth: 0

Results for row 402:
Response: 0
Extracted Label: 0
Ground Truth: 0

Results for row 403:
Response: 0
Extracted Label: 0
Ground Truth: 0

Results for row 404:
Response: 0
Extracted Label: 0
Ground Truth: 0

Results for row 405:
Response: 0
Extracted Label: 0
Ground Truth: 0

Results for row 406:
Response: 0
Extracted Label: 0
Ground Truth: 0

Results for row 407:
Response: 0
Extracted Label: 0
Ground Truth: 0

Results for row 408:
Response: 0
Extracted Label: 0
Ground Truth: 0

Results for row 409:
Response: 0
Extracted Label: 0
Ground Truth: 0

Results for row 410:
Response: 0
Extracted Label: 0
Ground Truth: 0

Results for row 411:
Response: 0
Extracted Label: 0
Ground Truth: 0

Results for row 412:
Response: 0
Extracted Label: 0
Ground Truth: 0

Results for row 413:
Response: 0
Extracted Label: 0
Ground Truth: 0

Results for row 414:
Response: 0
Extracted Label: 0
Ground Truth: 0

Results for row 415:
Response: 0
Extracted Label: 0
Ground Truth: 0

Results for row 416:
Response: 0
Extracted Label: 0
Ground Truth: 0

Results for row 417:
Response: 0
Extracted Label: 0
Ground Truth: 0

Results for row 418:
Response: 0
Extracted Label: 0
Ground Truth: 0

Results for row 419:
Response: 0
Extracted Label: 0
Ground Truth: 0

Results for row 420:
Response: 0
Extracted Label: 0
Ground Truth: 0

Results for row 421:
Response: 0
Extracted Label: 0
Ground Truth: 0

Results for row 422:
Response: 0
Extracted Label: 0
Ground Truth: 0

Results for row 423:
Response: 0
Extracted Label: 0
Ground Truth: 0

Results for row 424:
Response: 0
Extracted Label: 0
Ground Truth: 0

Results for row 425:
Response: 0
Extracted Label: 0
Ground Truth: 0

Results for row 426:
Response: 0
Extracted Label: 0
Ground Truth: 0

Results for row 427:
Response: 0
Extracted Label: 0
Ground Truth: 0

Results for row 428:
Response: 0
Extracted Label: 0
Ground Truth: 0

Results for row 429:
Response: 0
Extracted Label: 0
Ground Truth: 0

Results for row 430:
Response: 0
Extracted Label: 0
Ground Truth: 0

Results for row 431:
Response: 0
Extracted Label: 0
Ground Truth: 0

Results for row 432:
Response: 0
Extracted Label: 0
Ground Truth: 0

Results for row 433:
Response: 0
Extracted Label: 0
Ground Truth: 0

Results for row 434:
Response: 0
Extracted Label: 0
Ground Truth: 0

Results for row 435:
Response: 0
Extracted Label: 0
Ground Truth: 0

Results for row 436:
Response: 0
Extracted Label: 0
Ground Truth: 0

Results for row 437:
Response: 0
Extracted Label: 0
Ground Truth: 0

Results for row 438:
Response: 0
Extracted Label: 0
Ground Truth: 0

Results for row 439:
Response: 0
Extracted Label: 0
Ground Truth: 0

Results for row 440:
Response: 0
Extracted Label: 0
Ground Truth: 0

Results for row 441:
Response: 0
Extracted Label: 0
Ground Truth: 0

Results for row 442:
Response: 0
Extracted Label: 0
Ground Truth: 0

Results for row 443:
Response: 0
Extracted Label: 0
Ground Truth: 0

Results for row 444:
Response: 0
Extracted Label: 0
Ground Truth: 0

Results for row 445:
Response: 0
Extracted Label: 0
Ground Truth: 0

Results for row 446:
Response: 0
Extracted Label: 0
Ground Truth: 0

Results for row 447:
Response: 0
Extracted Label: 0
Ground Truth: 0

Results for row 448:
Response: 0
Extracted Label: 0
Ground Truth: 0

Results for row 449:
Response: 0
Extracted Label: 0
Ground Truth: 0

Results for row 450:
Response: 0
Extracted Label: 0
Ground Truth: 0

Results for row 451:
Response: 0
Extracted Label: 0
Ground Truth: 0

Results for row 452:
Response: 0
Extracted Label: 0
Ground Truth: 0

Results for row 453:
Response: 0
Extracted Label: 0
Ground Truth: 0

Results for row 454:
Response: 0
Extracted Label: 0
Ground Truth: 0

Results for row 455:
Response: 0
Extracted Label: 0
Ground Truth: 0

Results for row 456:
Response: 0
Extracted Label: 0
Ground Truth: 0

Results for row 457:
Response: 0
Extracted Label: 0
Ground Truth: 0

Results for row 458:
Response: 0
Extracted Label: 0
Ground Truth: 0

Results for row 459:
Response: 0
Extracted Label: 0
Ground Truth: 0

Results for row 460:
Response: 0
Extracted Label: 0
Ground Truth: 0

Results for row 461:
Response: 0
Extracted Label: 0
Ground Truth: 0

Results for row 462:
Response: 0
Extracted Label: 0
Ground Truth: 0

Results for row 463:
Response: 0
Extracted Label: 0
Ground Truth: 0

Results for row 464:
Response: 0
Extracted Label: 0
Ground Truth: 0

Results for row 465:
Response: 0
Extracted Label: 0
Ground Truth: 0

Results for row 466:
Response: 0
Extracted Label: 0
Ground Truth: 0

Results for row 467:
Response: 0
Extracted Label: 0
Ground Truth: 0

Results for row 468:
Response: 0
Extracted Label: 0
Ground Truth: 0

Results for row 469:
Response: 0
Extracted Label: 0
Ground Truth: 0

Results for row 470:
Response: 0
Extracted Label: 0
Ground Truth: 0

Results for row 471:
Response: 0
Extracted Label: 0
Ground Truth: 0

Results for row 472:
Response: 0
Extracted Label: 0
Ground Truth: 0

Results for row 473:
Response: 0
Extracted Label: 0
Ground Truth: 0

Results for row 474:
Response: 0
Extracted Label: 0
Ground Truth: 0

Results for row 475:
Response: 0
Extracted Label: 0
Ground Truth: 0

Results for row 476:
Response: 0
Extracted Label: 0
Ground Truth: 0

Results for row 477:
Response: 0
Extracted Label: 0
Ground Truth: 0

Results for row 478:
Response: 0
Extracted Label: 0
Ground Truth: 0

Results for row 479:
Response: 0
Extracted Label: 0
Ground Truth: 0

Results for row 480:
Response: 0
Extracted Label: 0
Ground Truth: 0

Results for row 481:
Response: 0
Extracted Label: 0
Ground Truth: 0

Results for row 482:
Response: 0
Extracted Label: 0
Ground Truth: 0

Results for row 483:
Response: 0
Extracted Label: 0
Ground Truth: 0

Results for row 484:
Response: 0
Extracted Label: 0
Ground Truth: 0

Results for row 485:
Response: 0
Extracted Label: 0
Ground Truth: 0

Results for row 486:
Response: 0
Extracted Label: 0
Ground Truth: 0

Results for row 487:
Response: 0
Extracted Label: 0
Ground Truth: 0

Results for row 488:
Response: 0
Extracted Label: 0
Ground Truth: 0

Results for row 489:
Response: 0
Extracted Label: 0
Ground Truth: 0

Results for row 490:
Response: 0
Extracted Label: 0
Ground Truth: 0

Results for row 491:
Response: 0
Extracted Label: 0
Ground Truth: 0

Results for row 492:
Response: 0
Extracted Label: 0
Ground Truth: 0

Results for row 493:
Response: 0
Extracted Label: 0
Ground Truth: 0

Results for row 494:
Response: 0
Extracted Label: 0
Ground Truth: 0

Results for row 495:
Response: 0
Extracted Label: 0
Ground Truth: 0

Results for row 496:
Response: 0
Extracted Label: 0
Ground Truth: 0

Results for row 497:
Response: 0
Extracted Label: 0
Ground Truth: 0

Results for row 498:
Response: 0
Extracted Label: 0
Ground Truth: 0

Results for row 499:
Response: 0
Extracted Label: 0
Ground Truth: 0

Results for row 500:
Response: 0
Extracted Label: 0
Ground Truth: 0

Results for row 501:
Response: 0
Extracted Label: 0
Ground Truth: 0

Results for row 502:
Response: 0
Extracted Label: 0
Ground Truth: 0

Results for row 503:
Response: 0
Extracted Label: 0
Ground Truth: 0

Results for row 504:
Response: 0
Extracted Label: 0
Ground Truth: 0

Results for row 505:
Response: 0
Extracted Label: 0
Ground Truth: 0

Results for row 506:
Response: 0
Extracted Label: 0
Ground Truth: 0

Results for row 507:
Response: 0
Extracted Label: 0
Ground Truth: 0

Results for row 508:
Response: 0
Extracted Label: 0
Ground Truth: 0

Results for row 509:
Response: 0
Extracted Label: 0
Ground Truth: 0

Results for row 510:
Response: 0
Extracted Label: 0
Ground Truth: 1

Results for row 511:
Response: 0
Extracted Label: 0
Ground Truth: 0

Results for row 512:
Response: 0
Extracted Label: 0
Ground Truth: 0

Results for row 513:
Response: 0
Extracted Label: 0
Ground Truth: 0

Results for row 514:
Response: 0
Extracted Label: 0
Ground Truth: 0

Results for row 515:
Response: 0
Extracted Label: 0
Ground Truth: 0

Results for row 516:
Response: 0
Extracted Label: 0
Ground Truth: 0

Results for row 517:
Response: 0
Extracted Label: 0
Ground Truth: 0

Results for row 518:
Response: 0
Extracted Label: 0
Ground Truth: 0

Results for row 519:
Response: 0
Extracted Label: 0
Ground Truth: 0

Results for row 520:
Response: 0
Extracted Label: 0
Ground Truth: 0

Results for row 521:
Response: 0
Extracted Label: 0
Ground Truth: 0

Results for row 522:
Response: 0
Extracted Label: 0
Ground Truth: 0

Results for row 523:
Response: 0
Extracted Label: 0
Ground Truth: 0

Results for row 524:
Response: 0
Extracted Label: 0
Ground Truth: 0

Results for row 525:
Response: 0
Extracted Label: 0
Ground Truth: 0

Results for row 526:
Response: 0
Extracted Label: 0
Ground Truth: 0

Results for row 527:
Response: 0
Extracted Label: 0
Ground Truth: 0

Results for row 528:
Response: 0
Extracted Label: 0
Ground Truth: 0

Results for row 529:
Response: 0
Extracted Label: 0
Ground Truth: 0

Results for row 530:
Response: 0
Extracted Label: 0
Ground Truth: 0

Results for row 531:
Response: 0
Extracted Label: 0
Ground Truth: 0

Results for row 532:
Response: 0
Extracted Label: 0
Ground Truth: 0

Results for row 533:
Response: 0
Extracted Label: 0
Ground Truth: 0

Results for row 534:
Response: 0
Extracted Label: 0
Ground Truth: 0

Results for row 535:
Response: 0
Extracted Label: 0
Ground Truth: 0

Results for row 536:
Response: 0
Extracted Label: 0
Ground Truth: 0

Results for row 537:
Response: 0
Extracted Label: 0
Ground Truth: 0

Results for row 538:
Response: 0
Extracted Label: 0
Ground Truth: 0

Results for row 539:
Response: 0
Extracted Label: 0
Ground Truth: 0

Results for row 540:
Response: 0
Extracted Label: 0
Ground Truth: 0

Results for row 541:
Response: 0
Extracted Label: 0
Ground Truth: 0

Results for row 542:
Response: 0
Extracted Label: 0
Ground Truth: 0

Results for row 543:
Response: 0
Extracted Label: 0
Ground Truth: 0

Results for row 544:
Response: 0
Extracted Label: 0
Ground Truth: 0

Results for row 545:
Response: 0
Extracted Label: 0
Ground Truth: 0

Results for row 546:
Response: 0
Extracted Label: 0
Ground Truth: 0

Results for row 547:
Response: 0
Extracted Label: 0
Ground Truth: 0

Results for row 548:
Response: 0
Extracted Label: 0
Ground Truth: 0

Results for row 549:
Response: 0
Extracted Label: 0
Ground Truth: 0

Results for row 550:
Response: 0
Extracted Label: 0
Ground Truth: 0

Results for row 551:
Response: 0
Extracted Label: 0
Ground Truth: 0

Results for row 552:
Response: 0
Extracted Label: 0
Ground Truth: 0

Results for row 553:
Response: 0
Extracted Label: 0
Ground Truth: 0

Results for row 554:
Response: 0
Extracted Label: 0
Ground Truth: 0

Results for row 555:
Response: 0
Extracted Label: 0
Ground Truth: 0

Results for row 556:
Response: 0
Extracted Label: 0
Ground Truth: 0

Results for row 557:
Response: 0
Extracted Label: 0
Ground Truth: 0

Results for row 558:
Response: 0
Extracted Label: 0
Ground Truth: 0

Results for row 559:
Response: 0
Extracted Label: 0
Ground Truth: 0

Results for row 560:
Response: 0
Extracted Label: 0
Ground Truth: 0

Results for row 561:
Response: 0
Extracted Label: 0
Ground Truth: 0

Results for row 562:
Response: 0
Extracted Label: 0
Ground Truth: 0

Results for row 563:
Response: 0
Extracted Label: 0
Ground Truth: 0

Results for row 564:
Response: 0
Extracted Label: 0
Ground Truth: 0

Results for row 565:
Response: 0
Extracted Label: 0
Ground Truth: 0

Results for row 566:
Response: 0
Extracted Label: 0
Ground Truth: 0

Results for row 567:
Response: 0
Extracted Label: 0
Ground Truth: 0

Results for row 568:
Response: 0
Extracted Label: 0
Ground Truth: 0

Results for row 569:
Response: 0
Extracted Label: 0
Ground Truth: 0

Results for row 570:
Response: 0
Extracted Label: 0
Ground Truth: 0

Results for row 571:
Response: 0
Extracted Label: 0
Ground Truth: 0

Results for row 572:
Response: 0
Extracted Label: 0
Ground Truth: 0

Results for row 573:
Response: 0
Extracted Label: 0
Ground Truth: 0

Results for row 574:
Response: 0
Extracted Label: 0
Ground Truth: 0

Results for row 575:
Response: 0
Extracted Label: 0
Ground Truth: 0

Results for row 576:
Response: 0
Extracted Label: 0
Ground Truth: 0

Results for row 577:
Response: 0
Extracted Label: 0
Ground Truth: 0

Results for row 578:
Response: 0
Extracted Label: 0
Ground Truth: 0

Results for row 579:
Response: 0
Extracted Label: 0
Ground Truth: 0

Results for row 580:
Response: 0
Extracted Label: 0
Ground Truth: 0

Results for row 581:
Response: 0
Extracted Label: 0
Ground Truth: 0

Results for row 582:
Response: 0
Extracted Label: 0
Ground Truth: 0

Results for row 583:
Response: 0
Extracted Label: 0
Ground Truth: 0

Results for row 584:
Response: 0
Extracted Label: 0
Ground Truth: 0

Results for row 585:
Response: 0
Extracted Label: 0
Ground Truth: 0

Results for row 586:
Response: 0
Extracted Label: 0
Ground Truth: 0

Results for row 587:
Response: 0
Extracted Label: 0
Ground Truth: 0

Results for row 588:
Response: 0
Extracted Label: 0
Ground Truth: 0

Results for row 589:
Response: 0
Extracted Label: 0
Ground Truth: 0

Results for row 590:
Response: 0
Extracted Label: 0
Ground Truth: 0

Results for row 591:
Response: 0
Extracted Label: 0
Ground Truth: 0

Results for row 592:
Response: 0
Extracted Label: 0
Ground Truth: 0

Results for row 593:
Response: 0
Extracted Label: 0
Ground Truth: 0

Results for row 594:
Response: 0
Extracted Label: 0
Ground Truth: 0

Results for row 595:
Response: 0
Extracted Label: 0
Ground Truth: 0

Results for row 596:
Response: 0
Extracted Label: 0
Ground Truth: 0

Results for row 597:
Response: 0
Extracted Label: 0
Ground Truth: 0

Results for row 598:
Response: 0
Extracted Label: 0
Ground Truth: 0

Results for row 599:
Response: 0
Extracted Label: 0
Ground Truth: 0

Results for row 600:
Response: 0
Extracted Label: 0
Ground Truth: 0

Results for row 601:
Response: 0
Extracted Label: 0
Ground Truth: 0

Results for row 602:
Response: 0
Extracted Label: 0
Ground Truth: 0

Results for row 603:
Response: 0
Extracted Label: 0
Ground Truth: 0

Results for row 604:
Response: 0
Extracted Label: 0
Ground Truth: 0

Results for row 605:
Response: 0
Extracted Label: 0
Ground Truth: 0

Results for row 606:
Response: 0
Extracted Label: 0
Ground Truth: 0

Results for row 607:
Response: 0
Extracted Label: 0
Ground Truth: 0

Results for row 608:
Response: 0
Extracted Label: 0
Ground Truth: 0

Results for row 609:
Response: 0
Extracted Label: 0
Ground Truth: 0

Results for row 610:
Response: 0
Extracted Label: 0
Ground Truth: 0

Results for row 611:
Response: 0
Extracted Label: 0
Ground Truth: 0

Results for row 612:
Response: 0
Extracted Label: 0
Ground Truth: 0

Results for row 613:
Response: 0
Extracted Label: 0
Ground Truth: 0

Results for row 614:
Response: 0
Extracted Label: 0
Ground Truth: 0

Results for row 615:
Response: 0
Extracted Label: 0
Ground Truth: 0

Results for row 616:
Response: 0
Extracted Label: 0
Ground Truth: 0

Results for row 617:
Response: 0
Extracted Label: 0
Ground Truth: 0

Results for row 618:
Response: 0
Extracted Label: 0
Ground Truth: 0

Results for row 619:
Response: 0
Extracted Label: 0
Ground Truth: 0

Results for row 620:
Response: 0
Extracted Label: 0
Ground Truth: 0

Results for row 621:
Response: 0
Extracted Label: 0
Ground Truth: 0

Results for row 622:
Response: 0
Extracted Label: 0
Ground Truth: 0

Results for row 623:
Response: 0
Extracted Label: 0
Ground Truth: 0

Results for row 624:
Response: 0
Extracted Label: 0
Ground Truth: 0

Results for row 625:
Response: 0
Extracted Label: 0
Ground Truth: 0

Results for row 626:
Response: 0
Extracted Label: 0
Ground Truth: 0

Results for row 627:
Response: 0
Extracted Label: 0
Ground Truth: 0

Results for row 628:
Response: 0
Extracted Label: 0
Ground Truth: 0

Results for row 629:
Response: 0
Extracted Label: 0
Ground Truth: 0

Results for row 630:
Response: 0
Extracted Label: 0
Ground Truth: 0

Results for row 631:
Response: 0
Extracted Label: 0
Ground Truth: 0

Results for row 632:
Response: 0
Extracted Label: 0
Ground Truth: 0

Results for row 633:
Response: 0
Extracted Label: 0
Ground Truth: 0

Results for row 634:
Response: 0
Extracted Label: 0
Ground Truth: 0

Results for row 635:
Response: 0
Extracted Label: 0
Ground Truth: 0

Results for row 636:
Response: 0
Extracted Label: 0
Ground Truth: 0

Results for row 637:
Response: 0
Extracted Label: 0
Ground Truth: 0

Results for row 638:
Response: 0
Extracted Label: 0
Ground Truth: 0

Results for row 639:
Response: 0
Extracted Label: 0
Ground Truth: 0

Results for row 640:
Response: 0
Extracted Label: 0
Ground Truth: 0

Results for row 641:
Response: 0
Extracted Label: 0
Ground Truth: 0

Results for row 642:
Response: 0
Extracted Label: 0
Ground Truth: 0

Results for row 643:
Response: 0
Extracted Label: 0
Ground Truth: 0

Results for row 644:
Response: 0
Extracted Label: 0
Ground Truth: 0

Results for row 645:
Response: 0
Extracted Label: 0
Ground Truth: 0

Results for row 646:
Response: 0
Extracted Label: 0
Ground Truth: 0

Results for row 647:
Response: 0
Extracted Label: 0
Ground Truth: 0

Results for row 648:
Response: 0
Extracted Label: 0
Ground Truth: 0

Results for row 649:
Response: 0
Extracted Label: 0
Ground Truth: 0

Results for row 650:
Response: 0
Extracted Label: 0
Ground Truth: 0

Results for row 651:
Response: 0
Extracted Label: 0
Ground Truth: 0

Results for row 652:
Response: 0
Extracted Label: 0
Ground Truth: 0

Results for row 653:
Response: 0
Extracted Label: 0
Ground Truth: 0

Results for row 654:
Response: 0
Extracted Label: 0
Ground Truth: 0

Results for row 655:
Response: 0
Extracted Label: 0
Ground Truth: 0

Results for row 656:
Response: 0
Extracted Label: 0
Ground Truth: 0

Results for row 657:
Response: 0
Extracted Label: 0
Ground Truth: 0

Results for row 658:
Response: 0
Extracted Label: 0
Ground Truth: 0

Results for row 659:
Response: 0
Extracted Label: 0
Ground Truth: 0

Results for row 660:
Response: 0
Extracted Label: 0
Ground Truth: 0

Results for row 661:
Response: 0
Extracted Label: 0
Ground Truth: 0

Results for row 662:
Response: 0
Extracted Label: 0
Ground Truth: 0

Results for row 663:
Response: 0
Extracted Label: 0
Ground Truth: 0

Results for row 664:
Response: 0
Extracted Label: 0
Ground Truth: 0

Results for row 665:
Response: 0
Extracted Label: 0
Ground Truth: 0

Results for row 666:
Response: 0
Extracted Label: 0
Ground Truth: 0

Results for row 667:
Response: 0
Extracted Label: 0
Ground Truth: 0

Results for row 668:
Response: 0
Extracted Label: 0
Ground Truth: 0

Results for row 669:
Response: 0
Extracted Label: 0
Ground Truth: 0

Results for row 670:
Response: 0
Extracted Label: 0
Ground Truth: 0

Results for row 671:
Response: 0
Extracted Label: 0
Ground Truth: 0

Results for row 672:
Response: 0
Extracted Label: 0
Ground Truth: 0

Results for row 673:
Response: 0
Extracted Label: 0
Ground Truth: 0

Results for row 674:
Response: 0
Extracted Label: 0
Ground Truth: 0

Results for row 675:
Response: 0
Extracted Label: 0
Ground Truth: 0

Results for row 676:
Response: 0
Extracted Label: 0
Ground Truth: 0

Results for row 677:
Response: 0
Extracted Label: 0
Ground Truth: 0

Results for row 678:
Response: 0
Extracted Label: 0
Ground Truth: 0

Results for row 679:
Response: 0
Extracted Label: 0
Ground Truth: 0

Results for row 680:
Response: 0
Extracted Label: 0
Ground Truth: 0

Results for row 681:
Response: 0
Extracted Label: 0
Ground Truth: 0

Results for row 682:
Response: 0
Extracted Label: 0
Ground Truth: 0

Results for row 683:
Response: 0
Extracted Label: 0
Ground Truth: 0

Results for row 684:
Response: 0
Extracted Label: 0
Ground Truth: 0

Results for row 685:
Response: 0
Extracted Label: 0
Ground Truth: 0

Results for row 686:
Response: 0
Extracted Label: 0
Ground Truth: 0

Results for row 687:
Response: 0
Extracted Label: 0
Ground Truth: 0

Results for row 688:
Response: 0
Extracted Label: 0
Ground Truth: 0

Results for row 689:
Response: 0
Extracted Label: 0
Ground Truth: 0

Results for row 690:
Response: 0
Extracted Label: 0
Ground Truth: 0

Results for row 691:
Response: 0
Extracted Label: 0
Ground Truth: 0

Results for row 692:
Response: 0
Extracted Label: 0
Ground Truth: 0

Results for row 693:
Response: 0
Extracted Label: 0
Ground Truth: 0

Results for row 694:
Response: 0
Extracted Label: 0
Ground Truth: 0

Results for row 695:
Response: 0
Extracted Label: 0
Ground Truth: 0

Results for row 696:
Response: 0
Extracted Label: 0
Ground Truth: 0

Results for row 697:
Response: 0
Extracted Label: 0
Ground Truth: 0

Results for row 698:
Response: 0
Extracted Label: 0
Ground Truth: 0

Results for row 699:
Response: 0
Extracted Label: 0
Ground Truth: 0

Results for row 700:
Response: 0
Extracted Label: 0
Ground Truth: 0

Results for row 701:
Response: 0
Extracted Label: 0
Ground Truth: 0

Results for row 702:
Response: 0
Extracted Label: 0
Ground Truth: 0

Results for row 703:
Response: 0
Extracted Label: 0
Ground Truth: 0

Results for row 704:
Response: 0
Extracted Label: 0
Ground Truth: 0

Results for row 705:
Response: 0
Extracted Label: 0
Ground Truth: 0

Results for row 706:
Response: 0
Extracted Label: 0
Ground Truth: 0

Results for row 707:
Response: 0
Extracted Label: 0
Ground Truth: 0

Results for row 708:
Response: 0
Extracted Label: 0
Ground Truth: 0

Results for row 709:
Response: 0
Extracted Label: 0
Ground Truth: 0

Results for row 710:
Response: 0
Extracted Label: 0
Ground Truth: 0

Results for row 711:
Response: 0
Extracted Label: 0
Ground Truth: 0

Results for row 712:
Response: 0
Extracted Label: 0
Ground Truth: 0

Results for row 713:
Response: 0
Extracted Label: 0
Ground Truth: 0

Results for row 714:
Response: 0
Extracted Label: 0
Ground Truth: 0

Results for row 715:
Response: 0
Extracted Label: 0
Ground Truth: 0

Results for row 716:
Response: 0
Extracted Label: 0
Ground Truth: 0

Results for row 717:
Response: 0
Extracted Label: 0
Ground Truth: 0

Results for row 718:
Response: 0
Extracted Label: 0
Ground Truth: 0

Results for row 719:
Response: 0
Extracted Label: 0
Ground Truth: 0

Results for row 720:
Response: 0
Extracted Label: 0
Ground Truth: 0

Results for row 721:
Response: 0
Extracted Label: 0
Ground Truth: 0

Results for row 722:
Response: 0
Extracted Label: 0
Ground Truth: 0

Results for row 723:
Response: 0
Extracted Label: 0
Ground Truth: 0

Results for row 724:
Response: 0
Extracted Label: 0
Ground Truth: 0

Results for row 725:
Response: 0
Extracted Label: 0
Ground Truth: 0

Results for row 726:
Response: 0
Extracted Label: 0
Ground Truth: 0

Results for row 727:
Response: 0
Extracted Label: 0
Ground Truth: 0

Results for row 728:
Response: 0
Extracted Label: 0
Ground Truth: 0

Results for row 729:
Response: 0
Extracted Label: 0
Ground Truth: 0

Results for row 730:
Response: 0
Extracted Label: 0
Ground Truth: 0

Results for row 731:
Response: 0
Extracted Label: 0
Ground Truth: 0

Results for row 732:
Response: 0
Extracted Label: 0
Ground Truth: 0

Results for row 733:
Response: 0
Extracted Label: 0
Ground Truth: 0

Results for row 734:
Response: 0
Extracted Label: 0
Ground Truth: 0

Results for row 735:
Response: 0
Extracted Label: 0
Ground Truth: 0

Results for row 736:
Response: 0
Extracted Label: 0
Ground Truth: 0

Results for row 737:
Response: 0
Extracted Label: 0
Ground Truth: 0

Results for row 738:
Response: 0
Extracted Label: 0
Ground Truth: 0

Results for row 739:
Response: 0
Extracted Label: 0
Ground Truth: 0

Results for row 740:
Response: 0
Extracted Label: 0
Ground Truth: 0

Results for row 741:
Response: 0
Extracted Label: 0
Ground Truth: 0

Results for row 742:
Response: 0
Extracted Label: 0
Ground Truth: 0

Results for row 743:
Response: 0
Extracted Label: 0
Ground Truth: 0

Results for row 744:
Response: 0
Extracted Label: 0
Ground Truth: 0

Results for row 745:
Response: 0
Extracted Label: 0
Ground Truth: 0

Results for row 746:
Response: 0
Extracted Label: 0
Ground Truth: 0

Results for row 747:
Response: 0
Extracted Label: 0
Ground Truth: 0

Results for row 748:
Response: 0
Extracted Label: 0
Ground Truth: 0

Results for row 749:
Response: 0
Extracted Label: 0
Ground Truth: 0

Results for row 750:
Response: 0
Extracted Label: 0
Ground Truth: 0

Results for row 751:
Response: 0
Extracted Label: 0
Ground Truth: 0

Results for row 752:
Response: 0
Extracted Label: 0
Ground Truth: 0

Results for row 753:
Response: 0
Extracted Label: 0
Ground Truth: 0

Results for row 754:
Response: 0
Extracted Label: 0
Ground Truth: 0

Results for row 755:
Response: 0
Extracted Label: 0
Ground Truth: 0

Results for row 756:
Response: 0
Extracted Label: 0
Ground Truth: 0

Results for row 757:
Response: 0
Extracted Label: 0
Ground Truth: 0

Results for row 758:
Response: 0
Extracted Label: 0
Ground Truth: 0

Results for row 759:
Response: 0
Extracted Label: 0
Ground Truth: 0

Results for row 760:
Response: 0
Extracted Label: 0
Ground Truth: 0

Results for row 761:
Response: 0
Extracted Label: 0
Ground Truth: 0

Results for row 762:
Response: 0
Extracted Label: 0
Ground Truth: 0

Results for row 763:
Response: 0
Extracted Label: 0
Ground Truth: 0

Results for row 764:
Response: 0
Extracted Label: 0
Ground Truth: 0

Results for row 765:
Response: 0
Extracted Label: 0
Ground Truth: 0

Results for row 766:
Response: 0
Extracted Label: 0
Ground Truth: 0

Results for row 767:
Response: 0
Extracted Label: 0
Ground Truth: 0

Results for row 768:
Response: 0
Extracted Label: 0
Ground Truth: 0

Results for row 769:
Response: 0
Extracted Label: 0
Ground Truth: 0

Results for row 770:
Response: 0
Extracted Label: 0
Ground Truth: 0

Results for row 771:
Response: 0
Extracted Label: 0
Ground Truth: 0

Results for row 772:
Response: 0
Extracted Label: 0
Ground Truth: 0

Results for row 773:
Response: 0
Extracted Label: 0
Ground Truth: 0

Results for row 774:
Response: 0
Extracted Label: 0
Ground Truth: 0

Results for row 775:
Response: 0
Extracted Label: 0
Ground Truth: 0

Results for row 776:
Response: 0
Extracted Label: 0
Ground Truth: 0

Results for row 777:
Response: 0
Extracted Label: 0
Ground Truth: 0

Results for row 778:
Response: 0
Extracted Label: 0
Ground Truth: 0

Results for row 779:
Response: 0
Extracted Label: 0
Ground Truth: 0

Results for row 780:
Response: 0
Extracted Label: 0
Ground Truth: 0

Results for row 781:
Response: 0
Extracted Label: 0
Ground Truth: 0

Results for row 782:
Response: 0
Extracted Label: 0
Ground Truth: 0

Results for row 783:
Response: 0
Extracted Label: 0
Ground Truth: 0

Results for row 784:
Response: 0
Extracted Label: 0
Ground Truth: 0

Results for row 785:
Response: 0
Extracted Label: 0
Ground Truth: 0

Results for row 786:
Response: 0
Extracted Label: 0
Ground Truth: 0

Results for row 787:
Response: 0
Extracted Label: 0
Ground Truth: 0

Results for row 788:
Response: 0
Extracted Label: 0
Ground Truth: 0

Results for row 789:
Response: 0
Extracted Label: 0
Ground Truth: 0

Results for row 790:
Response: 0
Extracted Label: 0
Ground Truth: 0

Results for row 791:
Response: 0
Extracted Label: 0
Ground Truth: 0

Results for row 792:
Response: 0
Extracted Label: 0
Ground Truth: 0

Results for row 793:
Response: 0
Extracted Label: 0
Ground Truth: 0

Results for row 794:
Response: 0
Extracted Label: 0
Ground Truth: 0

Results for row 795:
Response: 0
Extracted Label: 0
Ground Truth: 0

Results for row 796:
Response: 0
Extracted Label: 0
Ground Truth: 0

Results for row 797:
Response: 0
Extracted Label: 0
Ground Truth: 0

Results for row 798:
Response: 0
Extracted Label: 0
Ground Truth: 0

Results for row 799:
Response: 0
Extracted Label: 0
Ground Truth: 0

Results for row 800:
Response: 0
Extracted Label: 0
Ground Truth: 0

Results for row 801:
Response: 0
Extracted Label: 0
Ground Truth: 0

Results for row 802:
Response: 0
Extracted Label: 0
Ground Truth: 0

Results for row 803:
Response: 0
Extracted Label: 0
Ground Truth: 0

Results for row 804:
Response: 0
Extracted Label: 0
Ground Truth: 0

Results for row 805:
Response: 0
Extracted Label: 0
Ground Truth: 0

Results for row 806:
Response: 0
Extracted Label: 0
Ground Truth: 0

Results for row 807:
Response: 0
Extracted Label: 0
Ground Truth: 0

Results for row 808:
Response: 0
Extracted Label: 0
Ground Truth: 0

Results for row 809:
Response: 0
Extracted Label: 0
Ground Truth: 0

Results for row 810:
Response: 0
Extracted Label: 0
Ground Truth: 0

Results for row 811:
Response: 0
Extracted Label: 0
Ground Truth: 0

Results for row 812:
Response: 0
Extracted Label: 0
Ground Truth: 0

Results for row 813:
Response: 0
Extracted Label: 0
Ground Truth: 0

Results for row 814:
Response: 0
Extracted Label: 0
Ground Truth: 0

Results for row 815:
Response: 0
Extracted Label: 0
Ground Truth: 0

Results for row 816:
Response: 0
Extracted Label: 0
Ground Truth: 0

Results for row 817:
Response: 0
Extracted Label: 0
Ground Truth: 0

Results for row 818:
Response: 0
Extracted Label: 0
Ground Truth: 0

Results for row 819:
Response: 0
Extracted Label: 0
Ground Truth: 0

Results for row 820:
Response: 0
Extracted Label: 0
Ground Truth: 0

Results for row 821:
Response: 0
Extracted Label: 0
Ground Truth: 0

Results for row 822:
Response: 0
Extracted Label: 0
Ground Truth: 0

Results for row 823:
Response: 0
Extracted Label: 0
Ground Truth: 0

Results for row 824:
Response: 0
Extracted Label: 0
Ground Truth: 0

Results for row 825:
Response: 0
Extracted Label: 0
Ground Truth: 0

Results for row 826:
Response: 0
Extracted Label: 0
Ground Truth: 0

Results for row 827:
Response: 0
Extracted Label: 0
Ground Truth: 0

Results for row 828:
Response: 0
Extracted Label: 0
Ground Truth: 0

Results for row 829:
Response: 0
Extracted Label: 0
Ground Truth: 0

Results for row 830:
Response: 0
Extracted Label: 0
Ground Truth: 0

Results for row 831:
Response: 0
Extracted Label: 0
Ground Truth: 0

Results for row 832:
Response: 0
Extracted Label: 0
Ground Truth: 0

Results for row 833:
Response: 0
Extracted Label: 0
Ground Truth: 0

Results for row 834:
Response: 0
Extracted Label: 0
Ground Truth: 0

Results for row 835:
Response: 0
Extracted Label: 0
Ground Truth: 0

Results for row 836:
Response: 0
Extracted Label: 0
Ground Truth: 0

Results for row 837:
Response: 0
Extracted Label: 0
Ground Truth: 0

Results for row 838:
Response: 0
Extracted Label: 0
Ground Truth: 0

Results for row 839:
Response: 0
Extracted Label: 0
Ground Truth: 0

Results for row 840:
Response: 0
Extracted Label: 0
Ground Truth: 0

Results for row 841:
Response: 0
Extracted Label: 0
Ground Truth: 0

Results for row 842:
Response: 0
Extracted Label: 0
Ground Truth: 0

Results for row 843:
Response: 0
Extracted Label: 0
Ground Truth: 0

Results for row 844:
Response: 0
Extracted Label: 0
Ground Truth: 0

Results for row 845:
Response: 0
Extracted Label: 0
Ground Truth: 0

Results for row 846:
Response: 0
Extracted Label: 0
Ground Truth: 0

Results for row 847:
Response: 0
Extracted Label: 0
Ground Truth: 0

Results for row 848:
Response: 0
Extracted Label: 0
Ground Truth: 0

Results for row 849:
Response: 0
Extracted Label: 0
Ground Truth: 0

Results for row 850:
Response: 0
Extracted Label: 0
Ground Truth: 0

Results for row 851:
Response: 0
Extracted Label: 0
Ground Truth: 0

Results for row 852:
Response: 0
Extracted Label: 0
Ground Truth: 0

Results for row 853:
Response: 0
Extracted Label: 0
Ground Truth: 0

Results for row 854:
Response: 0
Extracted Label: 0
Ground Truth: 0
